<?xml version="1.0" encoding="UTF-8" ?>
<testsuite tests="33" failures="0" name="com.extremettt.logic.TwoPlayerGameTest" time="0.598" errors="0" skipped="0">
  <properties>
    <property name="java.runtime.name" value="Java(TM) SE Runtime Environment"/>
    <property name="sun.boot.library.path" value="/usr/lib/jvm/java-8-oracle/jre/lib/amd64"/>
    <property name="java.vm.version" value="25.92-b14"/>
    <property name="user.country.format" value="FI"/>
    <property name="java.vm.vendor" value="Oracle Corporation"/>
    <property name="java.vendor.url" value="http://java.oracle.com/"/>
    <property name="path.separator" value=":"/>
    <property name="guice.disable.misplaced.annotation.check" value="true"/>
    <property name="java.vm.name" value="Java HotSpot(TM) 64-Bit Server VM"/>
    <property name="file.encoding.pkg" value="sun.io"/>
    <property name="user.country" value="GB"/>
    <property name="sun.java.launcher" value="SUN_STANDARD"/>
    <property name="sun.os.patch.level" value="unknown"/>
    <property name="java.vm.specification.name" value="Java Virtual Machine Specification"/>
    <property name="user.dir" value="/home/lalex/ExtremeTTT/ExtremeTTT"/>
    <property name="java.runtime.version" value="1.8.0_92-b14"/>
    <property name="java.awt.graphicsenv" value="sun.awt.X11GraphicsEnvironment"/>
    <property name="java.endorsed.dirs" value="/usr/lib/jvm/java-8-oracle/jre/lib/endorsed"/>
    <property name="os.arch" value="amd64"/>
    <property name="java.io.tmpdir" value="/tmp"/>
    <property name="line.separator" value="
"/>
    <property name="java.vm.specification.vendor" value="Oracle Corporation"/>
    <property name="os.name" value="Linux"/>
    <property name="maven.ext.class.path" value="/usr/share/tmcbeans/java/maven-nblib/netbeans-eventspy.jar"/>
    <property name="classworlds.conf" value="/usr/share/tmcbeans/java/maven/bin/m2.conf"/>
    <property name="sun.jnu.encoding" value="UTF-8"/>
    <property name="java.library.path" value="/usr/lib/jvm/java-8-oracle/bin/../jre/lib/amd64:/usr/lib/jvm/java-8-oracle/bin/../jre/lib/i386::/usr/java/packages/lib/amd64:/usr/lib64:/lib64:/lib:/usr/lib"/>
    <property name="java.specification.name" value="Java Platform API Specification"/>
    <property name="java.class.version" value="52.0"/>
    <property name="sun.management.compiler" value="HotSpot 64-Bit Tiered Compilers"/>
    <property name="os.version" value="3.19.0-58-generic"/>
    <property name="user.home" value="/home/lalex"/>
    <property name="user.timezone" value="Europe/Helsinki"/>
    <property name="java.awt.printerjob" value="sun.print.PSPrinterJob"/>
    <property name="java.specification.version" value="1.8"/>
    <property name="file.encoding" value="UTF-8"/>
    <property name="user.name" value="lalex"/>
    <property name="java.class.path" value="/usr/share/tmcbeans/java/maven/boot/plexus-classworlds-2.4.jar"/>
    <property name="java.vm.specification.version" value="1.8"/>
    <property name="sun.arch.data.model" value="64"/>
    <property name="java.home" value="/usr/lib/jvm/java-8-oracle/jre"/>
    <property name="sun.java.command" value="org.codehaus.plexus.classworlds.launcher.Launcher -Dmaven.ext.class.path=/usr/share/tmcbeans/java/maven-nblib/netbeans-eventspy.jar clean install"/>
    <property name="java.specification.vendor" value="Oracle Corporation"/>
    <property name="user.language" value="en"/>
    <property name="user.language.format" value="fi"/>
    <property name="awt.toolkit" value="sun.awt.X11.XToolkit"/>
    <property name="java.vm.info" value="mixed mode"/>
    <property name="java.version" value="1.8.0_92"/>
    <property name="java.ext.dirs" value="/usr/lib/jvm/java-8-oracle/jre/lib/ext:/usr/java/packages/lib/ext"/>
    <property name="securerandom.source" value="file:/dev/./urandom"/>
    <property name="sun.boot.class.path" value="/usr/lib/jvm/java-8-oracle/jre/lib/resources.jar:/usr/lib/jvm/java-8-oracle/jre/lib/rt.jar:/usr/lib/jvm/java-8-oracle/jre/lib/sunrsasign.jar:/usr/lib/jvm/java-8-oracle/jre/lib/jsse.jar:/usr/lib/jvm/java-8-oracle/jre/lib/jce.jar:/usr/lib/jvm/java-8-oracle/jre/lib/charsets.jar:/usr/lib/jvm/java-8-oracle/jre/lib/jfr.jar:/usr/lib/jvm/java-8-oracle/jre/classes"/>
    <property name="java.vendor" value="Oracle Corporation"/>
    <property name="maven.home" value="/usr/share/tmcbeans/java/maven"/>
    <property name="file.separator" value="/"/>
    <property name="java.vendor.url.bug" value="http://bugreport.sun.com/bugreport/"/>
    <property name="sun.cpu.endian" value="little"/>
    <property name="sun.io.unicode.encoding" value="UnicodeLittle"/>
    <property name="sun.desktop" value="gnome"/>
    <property name="sun.cpu.isalist" value=""/>
  </properties>
  <testcase classname="com.extremettt.logic.TwoPlayerGameTest" name="setterWorksWithRandomChars" time="0.025"/>
  <testcase classname="com.extremettt.logic.TwoPlayerGameTest" name="whoseTurnIsCorrectAtStart" time="0.01"/>
  <testcase classname="com.extremettt.logic.TwoPlayerGameTest" name="isWonColumnsFalseWhenEmpty" time="0.013"/>
  <testcase classname="com.extremettt.logic.TwoPlayerGameTest" name="isWonTrueWhenRowsTrue" time="0.022"/>
  <testcase classname="com.extremettt.logic.TwoPlayerGameTest" name="swapTurnsWorksWhenX" time="0.024"/>
  <testcase classname="com.extremettt.logic.TwoPlayerGameTest" name="swapTurnsWorksWhenY" time="0"/>
  <testcase classname="com.extremettt.logic.TwoPlayerGameTest" name="isWonRowsTrueThirdRow" time="0.003"/>
  <testcase classname="com.extremettt.logic.TwoPlayerGameTest" name="isWonColumnsTrueFirstColumn" time="0.006"/>
  <testcase classname="com.extremettt.logic.TwoPlayerGameTest" name="isFullFalseOneToken" time="0.012"/>
  <testcase classname="com.extremettt.logic.TwoPlayerGameTest" name="isWonRowsFalseWithOnePerRow" time="0.031"/>
  <testcase classname="com.extremettt.logic.TwoPlayerGameTest" name="isWonRowsFalseWrongParameter" time="0.027"/>
  <testcase classname="com.extremettt.logic.TwoPlayerGameTest" name="isWonFalseWhenAllFalse" time="0.016"/>
  <testcase classname="com.extremettt.logic.TwoPlayerGameTest" name="isWonDiagonalTrueFromLeftDownToRightUp" time="0.02"/>
  <testcase classname="com.extremettt.logic.TwoPlayerGameTest" name="isWonColumnsTrueThirdColumn" time="0.037"/>
  <testcase classname="com.extremettt.logic.TwoPlayerGameTest" name="isFullFalseWhenEmpty" time="0.016"/>
  <testcase classname="com.extremettt.logic.TwoPlayerGameTest" name="isWonDiagonalFalseWhenEmpty" time="0.02"/>
  <testcase classname="com.extremettt.logic.TwoPlayerGameTest" name="isFullTrueWhenFull" time="0.008"/>
  <testcase classname="com.extremettt.logic.TwoPlayerGameTest" name="setterWorksWithX" time="0.002"/>
  <testcase classname="com.extremettt.logic.TwoPlayerGameTest" name="setterWorksWithY" time="0.005"/>
  <testcase classname="com.extremettt.logic.TwoPlayerGameTest" name="isWonDiagonalTrueFromLeftUpToRightDown" time="0.012"/>
  <testcase classname="com.extremettt.logic.TwoPlayerGameTest" name="isFullFalseEightTokens" time="0.038"/>
  <testcase classname="com.extremettt.logic.TwoPlayerGameTest" name="isWonColumnsTrueSecondColumn" time="0.02"/>
  <testcase classname="com.extremettt.logic.TwoPlayerGameTest" name="isWonColumnsFalseTwoPerColumn" time="0.021"/>
  <testcase classname="com.extremettt.logic.TwoPlayerGameTest" name="isWonDiagonalFalseCornerAndMiddle" time="0.03"/>
  <testcase classname="com.extremettt.logic.TwoPlayerGameTest" name="isFullWorksFalseThreeTokens" time="0.01"/>
  <testcase classname="com.extremettt.logic.TwoPlayerGameTest" name="isWonTrueWhenDiagonalTrue" time="0.007"/>
  <testcase classname="com.extremettt.logic.TwoPlayerGameTest" name="isFullFalseWhenWrongParameter" time="0.023"/>
  <testcase classname="com.extremettt.logic.TwoPlayerGameTest" name="isWonTrueWhenColumnsTrue" time="0.031"/>
  <testcase classname="com.extremettt.logic.TwoPlayerGameTest" name="isWonColumnsFalseOnePerColumn" time="0.015"/>
  <testcase classname="com.extremettt.logic.TwoPlayerGameTest" name="isWonRowsTrueFirstRow" time="0.019"/>
  <testcase classname="com.extremettt.logic.TwoPlayerGameTest" name="isWonRowsFalseWithTwoPerRow" time="0.024"/>
  <testcase classname="com.extremettt.logic.TwoPlayerGameTest" name="isWonRowsFalseWithEmpty" time="0.007"/>
  <testcase classname="com.extremettt.logic.TwoPlayerGameTest" name="isWonRowsTrueSecondRow" time="0.016"/>
</testsuite>